2025-06-13 11:20:44,915 - app - INFO - Запрос на установку активной модели: DummyModelSecond
2025-06-13 11:20:44,915 - app - INFO - Активная модель успешно установлена: DummyModelSecond
2025-06-13 11:20:46,055 - app - INFO - Запрос на установку активной модели: DummyModelSecond
2025-06-13 11:20:46,060 - app - INFO - Активная модель успешно установлена: DummyModelSecond
2025-06-13 11:21:04,948 - app - INFO - Запрос на предсказание просмотров для одного объявления.
2025-06-13 11:21:04,965 - app - INFO - Модель 'DummyModelSecond' вернула at_least_one=0, at_least_two=0, at_least_three=0.
2025-06-13 11:21:05,955 - app - INFO - Запрос на предсказание просмотров для одного объявления.
2025-06-13 11:21:05,955 - app - INFO - Модель 'DummyModelSecond' вернула at_least_one=0, at_least_two=0, at_least_three=0.
2025-06-13 11:21:54,338 - app - INFO - Запрос на предсказание просмотров для одного объявления.
2025-06-13 11:21:54,344 - app - INFO - Модель 'DummyModelSecond' вернула at_least_one=0, at_least_two=0, at_least_three=0.
2025-06-13 11:21:57,429 - app - INFO - Запрос на предсказание просмотров для одного объявления.
2025-06-13 11:21:57,439 - app - INFO - Модель 'DummyModelSecond' вернула at_least_one=0, at_least_two=0, at_least_three=0.
2025-06-13 11:22:03,165 - app - INFO - Запрос на предсказание просмотров для одного объявления.
2025-06-13 11:22:03,169 - app - INFO - Модель 'DummyModelSecond' вернула at_least_one=0, at_least_two=0, at_least_three=0.
2025-06-13 11:22:19,354 - app - INFO - Запрос на получение списка доступных моделей.
2025-06-13 11:22:19,354 - app - INFO - Возвращаем список моделей: ['DummyModelFirst', 'DummyModelSecond']
2025-06-13 11:22:33,905 - app - INFO - Запрос на установку активной модели: DummyModelFirst
2025-06-13 11:22:33,910 - app - INFO - Активная модель успешно установлена: DummyModelFirst
2025-06-13 11:22:35,037 - app - INFO - Запрос на установку активной модели: DummyModelFirst
2025-06-13 11:22:35,037 - app - INFO - Активная модель успешно установлена: DummyModelFirst
2025-06-13 11:22:54,087 - app - INFO - Запрос на предсказание просмотров для одного объявления.
2025-06-13 11:22:54,098 - app - INFO - Модель 'DummyModelFirst' вернула at_least_one=0.11544126984126984, at_least_two=0.06580515873015873, at_least_three=0.047169742063492066.
2025-06-13 11:23:00,204 - app - INFO - Запрос на предсказание просмотров для одного объявления.
2025-06-13 11:23:00,209 - app - INFO - Модель 'DummyModelFirst' вернула at_least_one=0.11544126984126984, at_least_two=0.06580515873015873, at_least_three=0.047169742063492066.
2025-06-13 11:23:17,357 - app - INFO - Запрос на установку активной модели: DummyModelSecond
2025-06-13 11:23:17,358 - app - INFO - Активная модель успешно установлена: DummyModelSecond
2025-06-13 11:23:26,996 - app - INFO - Запрос на предсказание просмотров для одного объявления.
2025-06-13 11:23:27,001 - app - INFO - Модель 'DummyModelSecond' вернула at_least_one=0, at_least_two=0, at_least_three=0.
2025-06-13 12:15:15,989 - app - INFO - Запрос на получение списка доступных моделей.
2025-06-13 12:15:15,989 - app - INFO - Возвращаем список моделей: ['DummyModelFirst', 'DummyModelSecond']
2025-06-13 12:15:21,235 - app - INFO - Запрос на получение списка доступных моделей.
2025-06-13 12:15:21,235 - app - INFO - Возвращаем список моделей: ['DummyModelFirst', 'DummyModelSecond']
2025-06-13 12:15:24,227 - app - INFO - Запрос на получение списка доступных моделей.
2025-06-13 12:15:24,227 - app - INFO - Возвращаем список моделей: ['DummyModelFirst', 'DummyModelSecond']
2025-06-13 12:15:26,288 - app - INFO - Запрос на установку активной модели: DummyModelSecond
2025-06-13 12:15:26,288 - app - INFO - Активная модель успешно установлена: DummyModelSecond
2025-06-13 12:15:41,253 - app - INFO - Запрос на получение списка доступных моделей.
2025-06-13 12:15:41,253 - app - INFO - Возвращаем список моделей: ['DummyModelFirst', 'DummyModelSecond']
2025-06-13 12:15:49,403 - app - INFO - Запрос на получение списка доступных моделей.
2025-06-13 12:15:49,403 - app - INFO - Возвращаем список моделей: ['DummyModelFirst', 'DummyModelSecond']
2025-06-13 12:15:52,857 - app - INFO - Запрос на получение списка доступных моделей.
2025-06-13 12:15:52,857 - app - INFO - Возвращаем список моделей: ['DummyModelFirst', 'DummyModelSecond']
2025-06-13 12:15:55,275 - app - INFO - Запрос на предсказание просмотров из CSV-файла.
2025-06-13 12:15:55,824 - app - ERROR - Ошибка при чтении CSV: Error tokenizing data. C error: Expected 1 fields in line 119222, saw 2

2025-06-13 12:15:56,944 - app - INFO - Запрос на получение списка доступных моделей.
2025-06-13 12:15:56,944 - app - INFO - Возвращаем список моделей: ['DummyModelFirst', 'DummyModelSecond']
2025-06-13 12:15:59,354 - app - INFO - Запрос на предсказание просмотров из CSV-файла.
2025-06-13 12:15:59,921 - app - ERROR - Ошибка при чтении CSV: Error tokenizing data. C error: Expected 1 fields in line 119222, saw 2

